Archive Project report for lg_highlevel
Fri Apr 26 04:28:01 2013
Quartus II 32-bit Version 12.1 Build 177 11/07/2012 SJ Web Edition


---------------------
; Table of Contents ;
---------------------
  1. Legal Notice
  2. Archive Project Summary
  3. Archive Project Messages
  4. Files Archived



----------------
; Legal Notice ;
----------------
Copyright (C) 1991-2012 Altera Corporation
Your use of Altera Corporation's design tools, logic functions 
and other software and tools, and its AMPP partner logic 
functions, and any output files from any of the foregoing 
(including device programming or simulation files), and any 
associated documentation or information are expressly subject 
to the terms and conditions of the Altera Program License 
Subscription Agreement, Altera MegaCore Function License 
Agreement, or other applicable license agreement, including, 
without limitation, that your use is for the sole purpose of 
programming logic devices manufactured by Altera and sold by 
Altera or its authorized distributors.  Please refer to the 
applicable agreement for further details.



+----------------------------------------------------------------+
; Archive Project Summary                                        ;
+------------------------+---------------------------------------+
; Archive Project Status ; Successful - Fri Apr 26 04:28:01 2013 ;
; Revision Name          ; lg_highlevel                          ;
; Top-level Entity Name  ; lg_highlevel                          ;
; Family                 ; Cyclone II                            ;
+------------------------+---------------------------------------+


+--------------------------+
; Archive Project Messages ;
+--------------------------+
Info: File Set 'Source control' contains:
    Info: Project source and settings files
    Info: Automatically detected source files
Critical Warning: Analysis & Elaboration was not run successfully
    Critical Warning: The 'Automatically detected source files' file subset will attempt to guess which files are needed. The archive file will likely be larger than required and may still be incomplete.
Warning (225010): Analysis was not performed on the current project. The Quartus II software may not be able to automatically locate all project files.
Info: Parsing: geometry.v
Info: Discovered: ./sine_table.hex
Info: Discovered: ./cosine_table.hex
Info: ----------------------------------------------------------
Info: ----------------------------------------------------------
Info: Generated archive 'C:/Users/Chris/Dropbox/GitHub/CS3220_GPU/hw6_backup0426.qar'
Info: ----------------------------------------------------------
Info: ----------------------------------------------------------
Info: Generated report 'lg_highlevel.archive.rpt'
Info (23030): Evaluation of Tcl script c:/altera/12.1/quartus/common/tcl/apps/qpm/qar.tcl was successful
Info: Quartus II 32-bit Shell was successful. 0 errors, 3 warnings
    Info: Peak virtual memory: 259 megabytes
    Info: Processing ended: Fri Apr 26 04:28:01 2013
    Info: Elapsed time: 00:00:01
    Info: Total CPU time (on all processors): 00:00:01


+---------------------------------------------------------+
; Files Archived                                          ;
+---------------------------------------------------------+
; File Name                                               ;
+---------------------------------------------------------+
; __lg_highlevel.auto.qarlog                              ;
; assignment_defaults.qdf                                 ;
; cosine_table.hex                                        ;
; data.hex                                                ;
; decode.v                                                ;
; execute.v                                               ;
; fetch.v                                                 ;
; geometry.v                                              ;
; global_def.h                                            ;
; gpu.v                                                   ;
; incremental_db/compiled_partitions/lg_highlevel.db_info ;
; lg_highlevel.qpf                                        ;
; lg_highlevel.qsf                                        ;
; lg_highlevel.v                                          ;
; memory.v                                                ;
; multi_sram.v                                            ;
; output_files/lg_highlevel.archive.rpt                   ;
; output_files/lg_highlevel.done                          ;
; output_files/lg_highlevel.flow.rpt                      ;
; output_files/lg_highlevel.map.rpt                       ;
; output_files/lg_highlevel.map.smsg                      ;
; output_files/lg_highlevel.map.summary                   ;
; output_files/lg_highlevel.restore.rpt                   ;
; pixel_gen.v                                             ;
; pll.ppf                                                 ;
; pll.qip                                                 ;
; pll.v                                                   ;
; pll_bb.v                                                ;
; rasterize.v                                             ;
; seven_segment.v                                         ;
; sign_extension.v                                        ;
; simulation/modelsim/my_custom_view.do                   ;
; sine_table.hex                                          ;
; test0.hex                                               ;
; vertex.v                                                ;
; vga_controller.v                                        ;
; writeback.v                                             ;
+---------------------------------------------------------+


